<?xml version='1.0' encoding='UTF-8'?>
<testsuite hostname="sirius" name="TransitionTest" tests="11" errors="0" failures="0" time="0.032">
                     <properties>
[...]
</properties>
                     <testcase classname="TransitionTest" name="A transition when composed should maintain associativity, in parametric appropriate conditions, regardless of compositional order" time="0.012">
                                                 
                                               </testcase><testcase classname="TransitionTest" name="A transition when composed should maintain associativity regardless of operation order" time="0.004">
                                                 
                                               </testcase><testcase classname="TransitionTest" name="A transition when equated with more than one type of operation should maintain its left-biased characteristic" time="0.003">
                                                 
                                               </testcase><testcase classname="TransitionTest" name="A transition when being evaluated should allow maps" time="0.001">
                                                 
                                               </testcase><testcase classname="TransitionTest" name="A transition when being evaluated should allow flatMaps" time="0.001">
                                                 
                                               </testcase><testcase classname="TransitionTest" name="A transition when being evaluated should allow folds" time="0.002">
                                                 
                                               </testcase><testcase classname="TransitionTest" name="A transition when being evaluated should allow bidirectional folds" time="0.003">
                                                 
                                               </testcase><testcase classname="TransitionTest" name="A transition when being evaluated should allow foldMaps" time="0.003">
                                                 
                                               </testcase><testcase classname="TransitionTest" name="A transition when being evaluated should allow non-strict AND" time="0.001">
                                                 
                                               </testcase><testcase classname="TransitionTest" name="A transition when being evaluated should allow products" time="0.002">
                                                 
                                               </testcase><testcase classname="TransitionTest" name="A transition when being evaluated should allow compositions" time="0.0">
                                                 
                                               </testcase>
                     <system-out></system-out>
                     <system-err></system-err>
                   </testsuite>